<?xml version="1.0" encoding="UTF-8"?>
<testsuite xmlns:xsi="http://www.w3.org/2001/XMLSchema-instance" xsi:noNamespaceSchemaLocation="https://maven.apache.org/surefire/maven-surefire-plugin/xsd/surefire-test-report.xsd" name="com.attsw.attsw_exam.AttswExamApplicationTests" time="10.991" tests="35" errors="0" skipped="0" failures="0">
  <properties>
[...]
</properties>
  <testcase name="testFindByIdAndStatus" classname="com.attsw.attsw_exam.AttswExamApplicationTests" time="0.103"/>
  <testcase name="testActiveTeachersList" classname="com.attsw.attsw_exam.AttswExamApplicationTests" time="0.025"/>
  <testcase name="testFindAllByCollleageName" classname="com.attsw.attsw_exam.AttswExamApplicationTests" time="0.005"/>
  <testcase name="findAllActiveTeachers" classname="com.attsw.attsw_exam.AttswExamApplicationTests" time="0.352"/>
  <testcase name="testFinalAllActiveReturnOkControlerTest" classname="com.attsw.attsw_exam.AttswExamApplicationTests" time="0.082"/>
  <testcase name="testFindByIdTeacher" classname="com.attsw.attsw_exam.AttswExamApplicationTests" time="0.005"/>
  <testcase name="testSaveTeacher" classname="com.attsw.attsw_exam.AttswExamApplicationTests" time="0.056"/>
  <testcase name="testDeleteStudentService" classname="com.attsw.attsw_exam.AttswExamApplicationTests" time="0.022"/>
  <testcase name="testFindByEmailTeacher" classname="com.attsw.attsw_exam.AttswExamApplicationTests" time="0.013"/>
  <testcase name="testActiveStudent" classname="com.attsw.attsw_exam.AttswExamApplicationTests" time="0.005"/>
  <testcase name="getStudentControlerTest" classname="com.attsw.attsw_exam.AttswExamApplicationTests" time="0.181"/>
  <testcase name="testFindStudentByAge" classname="com.attsw.attsw_exam.AttswExamApplicationTests" time="0.002"/>
  <testcase name="testUpdateTeacher" classname="com.attsw.attsw_exam.AttswExamApplicationTests" time="0.013"/>
  <testcase name="testDeleteTeacherWithoutStudent" classname="com.attsw.attsw_exam.AttswExamApplicationTests" time="0.002"/>
  <testcase name="updateTeachersControlerTestSuccessResponse" classname="com.attsw.attsw_exam.AttswExamApplicationTests" time="0.128"/>
  <testcase name="applicationStarts" classname="com.attsw.attsw_exam.AttswExamApplicationTests" time="0"/>
  <testcase name="findAllTeachers" classname="com.attsw.attsw_exam.AttswExamApplicationTests" time="0.01"/>
  <testcase name="findAllTest" classname="com.attsw.attsw_exam.AttswExamApplicationTests" time="0.014"/>
  <testcase name="testDeleteTeacher" classname="com.attsw.attsw_exam.AttswExamApplicationTests" time="0.008"/>
  <testcase name="deleteTeachersControlerTest" classname="com.attsw.attsw_exam.AttswExamApplicationTests" time="0.009"/>
  <testcase name="updateTeachersControlerTestServerErrorResponse" classname="com.attsw.attsw_exam.AttswExamApplicationTests" time="0.008"/>
  <testcase name="findTeacherByIdControlerTest" classname="com.attsw.attsw_exam.AttswExamApplicationTests" time="0.018"/>
  <testcase name="updateStudentControlerTest" classname="com.attsw.attsw_exam.AttswExamApplicationTests" time="0.018"/>
  <testcase name="testFindStudentByCollageName" classname="com.attsw.attsw_exam.AttswExamApplicationTests" time="0"/>
  <testcase name="findAllDeactiveTeachers" classname="com.attsw.attsw_exam.AttswExamApplicationTests" time="0.01"/>
  <testcase name="testFinalAllActiveDifControlerTest" classname="com.attsw.attsw_exam.AttswExamApplicationTests" time="0.006"/>
  <testcase name="saveTeachersControlerTest" classname="com.attsw.attsw_exam.AttswExamApplicationTests" time="0.019"/>
  <testcase name="deleteSuceessTeachersControlerTest" classname="com.attsw.attsw_exam.AttswExamApplicationTests" time="0.013"/>
  <testcase name="saveStudentControlerTest" classname="com.attsw.attsw_exam.AttswExamApplicationTests" time="0.023"/>
  <testcase name="testDeactiveTeachers" classname="com.attsw.attsw_exam.AttswExamApplicationTests" time="0.011"/>
  <testcase name="testSystemActiveStudent" classname="com.attsw.attsw_exam.AttswExamApplicationTests" time="0.01"/>
  <testcase name="testDeactiveStudent" classname="com.attsw.attsw_exam.AttswExamApplicationTests" time="0"/>
  <testcase name="testSaveService" classname="com.attsw.attsw_exam.AttswExamApplicationTests" time="0.022"/>
  <testcase name="deleteStudentControlerTest" classname="com.attsw.attsw_exam.AttswExamApplicationTests" time="0.022"/>
  <testcase name="testUpdateStudentService" classname="com.attsw.attsw_exam.AttswExamApplicationTests" time="0.007"/>
</testsuite>